2025-06-23 19:21:00.369 [main] INFO  com.banxia.TliasWebManagementApplication-Starting TliasWebManagementApplication using Java 18.0.2.1 with PID 13100 (C:\Users\19432\OneDrive\Developer\springWeb\tlias-web-management\target\classes started by _ban_xia_ in C:\Users\19432\OneDrive\Developer\springWeb)
2025-06-23 19:21:00.372 [main] INFO  com.banxia.TliasWebManagementApplication-No active profile set, falling back to 1 default profile: "default"
2025-06-23 19:21:01.346 [main] INFO  o.s.boot.web.embedded.tomcat.TomcatWebServer-Tomcat initialized with port 8080 (http)
2025-06-23 19:21:01.356 [main] INFO  org.apache.coyote.http11.Http11NioProtocol-Initializing ProtocolHandler ["http-nio-8080"]
2025-06-23 19:21:01.357 [main] INFO  org.apache.catalina.core.StandardService-Starting service [Tomcat]
2025-06-23 19:21:01.359 [main] INFO  org.apache.catalina.core.StandardEngine-Starting Servlet engine: [Apache Tomcat/10.1.39]
2025-06-23 19:21:01.394 [main] INFO  o.a.c.core.ContainerBase.[Tomcat].[localhost].[/]-Initializing Spring embedded WebApplicationContext
2025-06-23 19:21:01.395 [main] INFO  o.s.b.w.s.c.ServletWebServerApplicationContext-Root WebApplicationContext: initialization completed in 994 ms
2025-06-23 19:21:02.011 [main] INFO  org.apache.coyote.http11.Http11NioProtocol-Starting ProtocolHandler ["http-nio-8080"]
2025-06-23 19:21:02.026 [main] INFO  o.s.boot.web.embedded.tomcat.TomcatWebServer-Tomcat started on port 8080 (http) with context path '/'
2025-06-23 19:21:02.033 [main] INFO  com.banxia.TliasWebManagementApplication-Started TliasWebManagementApplication in 1.952 seconds (process running for 2.684)
2025-06-23 19:21:06.181 [http-nio-8080-exec-1] INFO  o.a.c.core.ContainerBase.[Tomcat].[localhost].[/]-Initializing Spring DispatcherServlet 'dispatcherServlet'
2025-06-23 19:21:06.181 [http-nio-8080-exec-1] INFO  org.springframework.web.servlet.DispatcherServlet-Initializing Servlet 'dispatcherServlet'
2025-06-23 19:21:06.182 [http-nio-8080-exec-1] INFO  org.springframework.web.servlet.DispatcherServlet-Completed initialization in 1 ms
2025-06-23 19:21:06.201 [http-nio-8080-exec-1] INFO  com.banxia.controller.DeptController-查询全部的部门数据
2025-06-23 19:21:06.214 [http-nio-8080-exec-1] INFO  com.zaxxer.hikari.HikariDataSource-HikariPool-1 - Starting...
2025-06-23 19:21:06.518 [http-nio-8080-exec-1] INFO  com.zaxxer.hikari.pool.HikariPool-HikariPool-1 - Added connection com.mysql.cj.jdbc.ConnectionImpl@28fd0370
2025-06-23 19:21:06.519 [http-nio-8080-exec-1] INFO  com.zaxxer.hikari.HikariDataSource-HikariPool-1 - Start completed.
2025-06-23 19:41:01.248 [http-nio-8080-exec-2] INFO  com.banxia.controller.DeptController-查询全部的部门数据
2025-06-23 19:48:17.090 [http-nio-8080-exec-3] INFO  com.banxia.controller.DeptController-查询全部的部门数据
2025-06-23 19:48:52.731 [http-nio-8080-exec-4] INFO  com.banxia.controller.DeptController-查询全部的部门数据
2025-06-23 19:48:55.824 [http-nio-8080-exec-5] INFO  com.banxia.controller.DeptController-查询全部的部门数据
2025-06-23 19:49:20.161 [http-nio-8080-exec-6] INFO  com.banxia.controller.DeptController-查询全部的部门数据
2025-06-23 19:49:35.748 [http-nio-8080-exec-7] INFO  com.banxia.controller.DeptController-查询全部的部门数据
2025-06-23 19:51:23.944 [http-nio-8080-exec-9] INFO  com.banxia.controller.DeptController-查询全部的部门数据
2025-06-23 19:51:35.984 [http-nio-8080-exec-8] INFO  com.banxia.controller.DeptController-查询全部的部门数据
2025-06-23 19:51:59.774 [http-nio-8080-exec-10] INFO  com.banxia.controller.DeptController-查询全部的部门数据
2025-06-23 19:52:09.459 [http-nio-8080-exec-1] INFO  com.banxia.controller.DeptController-查询全部的部门数据
2025-06-23 19:52:24.964 [http-nio-8080-exec-2] INFO  com.banxia.controller.DeptController-查询全部的部门数据
2025-06-23 19:52:34.150 [http-nio-8080-exec-3] INFO  com.banxia.controller.DeptController-查询全部的部门数据
2025-06-23 19:52:42.298 [http-nio-8080-exec-4] INFO  com.banxia.controller.DeptController-查询全部的部门数据
2025-06-23 19:54:05.140 [http-nio-8080-exec-5] INFO  com.banxia.controller.DeptController-查询全部的部门数据
2025-06-23 19:58:02.335 [http-nio-8080-exec-6] INFO  com.banxia.controller.DeptController-查询全部的部门数据
2025-06-23 19:59:47.007 [http-nio-8080-exec-7] INFO  com.banxia.controller.DeptController-新增部门：Dept(id=null, name=你好, createTime=null, updateTime=null)
2025-06-23 19:59:47.049 [http-nio-8080-exec-7] INFO  com.banxia.aop.LogAspect-记录日志：OperateLog(id=null, operateEmpId=null, operateTime=2025-06-23T19:59:47.048679800, className=com.banxia.service.impl.DeptServiceImpl, methodName=add, methodParams=[{"id":null,"name":"你好","createTime":null,"updateTime":null}], returnValue=null, costTime=32)
2025-06-23 19:59:47.076 [http-nio-8080-exec-9] INFO  com.banxia.controller.DeptController-查询全部的部门数据
2025-06-23 19:59:50.775 [http-nio-8080-exec-8] INFO  com.banxia.controller.DeptController-新增部门：Dept(id=null, name=啊啊啊, createTime=null, updateTime=null)
2025-06-23 19:59:50.780 [http-nio-8080-exec-8] INFO  com.banxia.aop.LogAspect-记录日志：OperateLog(id=null, operateEmpId=null, operateTime=2025-06-23T19:59:50.780970500, className=com.banxia.service.impl.DeptServiceImpl, methodName=add, methodParams=[{"id":null,"name":"啊啊啊","createTime":null,"updateTime":null}], returnValue=null, costTime=4)
2025-06-23 19:59:50.792 [http-nio-8080-exec-10] INFO  com.banxia.controller.DeptController-查询全部的部门数据
2025-06-23 20:01:22.492 [http-nio-8080-exec-1] INFO  com.banxia.controller.DeptController-查询全部的部门数据
2025-06-23 20:02:31.253 [http-nio-8080-exec-2] INFO  com.banxia.controller.DeptController-查询全部的部门数据
2025-06-23 20:03:30.713 [http-nio-8080-exec-3] INFO  com.banxia.controller.DeptController-查询全部的部门数据
2025-06-23 20:05:02.874 [http-nio-8080-exec-4] INFO  com.banxia.controller.DeptController-查询全部的部门数据
2025-06-23 20:05:40.697 [http-nio-8080-exec-5] INFO  com.banxia.controller.DeptController-查询全部的部门数据
2025-06-23 20:06:37.654 [http-nio-8080-exec-6] INFO  com.banxia.controller.DeptController-查询全部的部门数据
2025-06-23 20:06:44.459 [http-nio-8080-exec-7] INFO  com.banxia.controller.DeptController-查询全部的部门数据
2025-06-23 20:07:56.372 [http-nio-8080-exec-9] INFO  com.banxia.controller.DeptController-查询全部的部门数据
2025-06-23 20:08:21.025 [http-nio-8080-exec-8] INFO  com.banxia.controller.DeptController-查询全部的部门数据
2025-06-23 20:09:14.587 [http-nio-8080-exec-10] INFO  com.banxia.controller.DeptController-查询全部的部门数据
2025-06-23 20:09:23.910 [http-nio-8080-exec-1] INFO  com.banxia.controller.DeptController-查询全部的部门数据
2025-06-23 20:24:13.404 [http-nio-8080-exec-2] INFO  com.banxia.controller.DeptController-查询全部的部门数据
2025-06-23 20:27:41.272 [http-nio-8080-exec-3] INFO  com.banxia.controller.DeptController-查询全部的部门数据
2025-06-23 20:27:55.202 [http-nio-8080-exec-4] INFO  com.banxia.controller.DeptController-查询全部的部门数据
2025-06-23 20:28:30.764 [http-nio-8080-exec-7] INFO  com.banxia.controller.DeptController-查询全部的部门数据
2025-06-23 20:29:27.512 [http-nio-8080-exec-5] INFO  com.banxia.controller.DeptController-根据id查询部门数据：27
2025-06-23 20:29:54.198 [http-nio-8080-exec-6] INFO  com.banxia.controller.DeptController-根据id查询部门数据：27
2025-06-23 20:29:57.805 [http-nio-8080-exec-7] INFO  com.banxia.controller.DeptController-根据id查询部门数据：27
2025-06-23 20:30:04.429 [http-nio-8080-exec-9] INFO  com.banxia.controller.DeptController-根据id查询部门数据：27
2025-06-23 20:31:08.441 [http-nio-8080-exec-8] INFO  com.banxia.controller.DeptController-查询全部的部门数据
2025-06-23 20:31:10.948 [http-nio-8080-exec-10] INFO  com.banxia.controller.DeptController-根据id查询部门数据：27
2025-06-23 20:31:13.427 [http-nio-8080-exec-1] INFO  com.banxia.controller.DeptController-根据id查询部门数据：26
2025-06-23 20:41:08.367 [http-nio-8080-exec-2] INFO  com.banxia.controller.DeptController-根据id查询部门数据：27
2025-06-23 20:41:10.065 [http-nio-8080-exec-3] INFO  com.banxia.controller.DeptController-新增部门：Dept(id=null, name=啊啊啊, createTime=null, updateTime=null)
2025-06-23 20:41:10.226 [http-nio-8080-exec-3] ERROR com.banxia.aop.LogAspect-方法执行异常
org.springframework.dao.DuplicateKeyException: 
### Error updating database.  Cause: java.sql.SQLIntegrityConstraintViolationException: Duplicate entry '啊啊啊' for key 'dept.name'
### The error may exist in com/banxia/mapper/DeptMapper.xml
### The error may involve defaultParameterMap
### The error occurred while setting parameters
### SQL: insert into dept (name, create_time, update_time) values (?,?,?)
### Cause: java.sql.SQLIntegrityConstraintViolationException: Duplicate entry '啊啊啊' for key 'dept.name'
; Duplicate entry '啊啊啊' for key 'dept.name'
	at org.springframework.jdbc.support.SQLErrorCodeSQLExceptionTranslator.doTranslate(SQLErrorCodeSQLExceptionTranslator.java:254)
	at org.springframework.jdbc.support.AbstractFallbackSQLExceptionTranslator.translate(AbstractFallbackSQLExceptionTranslator.java:107)
	at org.mybatis.spring.MyBatisExceptionTranslator.translateExceptionIfPossible(MyBatisExceptionTranslator.java:93)
	at org.mybatis.spring.SqlSessionTemplate$SqlSessionInterceptor.invoke(SqlSessionTemplate.java:347)
	at jdk.proxy2/jdk.proxy2.$Proxy68.insert(Unknown Source)
	at org.mybatis.spring.SqlSessionTemplate.insert(SqlSessionTemplate.java:224)
	at org.apache.ibatis.binding.MapperMethod.execute(MapperMethod.java:62)
	at org.apache.ibatis.binding.MapperProxy$PlainMethodInvoker.invoke(MapperProxy.java:141)
	at org.apache.ibatis.binding.MapperProxy.invoke(MapperProxy.java:86)
	at jdk.proxy2/jdk.proxy2.$Proxy81.add(Unknown Source)
	at com.banxia.service.impl.DeptServiceImpl.add(DeptServiceImpl.java:38)
	at java.base/jdk.internal.reflect.DirectMethodHandleAccessor.invoke(DirectMethodHandleAccessor.java:104)
	at java.base/java.lang.reflect.Method.invoke(Method.java:577)
	at org.springframework.aop.support.AopUtils.invokeJoinpointUsingReflection(AopUtils.java:359)
	at org.springframework.aop.framework.ReflectiveMethodInvocation.invokeJoinpoint(ReflectiveMethodInvocation.java:196)
	at org.springframework.aop.framework.ReflectiveMethodInvocation.proceed(ReflectiveMethodInvocation.java:163)
	at org.springframework.aop.aspectj.MethodInvocationProceedingJoinPoint.proceed(MethodInvocationProceedingJoinPoint.java:89)
	at com.banxia.aop.LogAspect.around(LogAspect.java:88)
	at java.base/jdk.internal.reflect.DirectMethodHandleAccessor.invoke(DirectMethodHandleAccessor.java:104)
	at java.base/java.lang.reflect.Method.invoke(Method.java:577)
	at org.springframework.aop.aspectj.AbstractAspectJAdvice.invokeAdviceMethodWithGivenArgs(AbstractAspectJAdvice.java:642)
	at org.springframework.aop.aspectj.AbstractAspectJAdvice.invokeAdviceMethod(AbstractAspectJAdvice.java:632)
	at org.springframework.aop.aspectj.AspectJAroundAdvice.invoke(AspectJAroundAdvice.java:71)
	at org.springframework.aop.framework.ReflectiveMethodInvocation.proceed(ReflectiveMethodInvocation.java:173)
	at org.springframework.aop.interceptor.ExposeInvocationInterceptor.invoke(ExposeInvocationInterceptor.java:97)
	at org.springframework.aop.framework.ReflectiveMethodInvocation.proceed(ReflectiveMethodInvocation.java:184)
	at org.springframework.aop.framework.CglibAopProxy$DynamicAdvisedInterceptor.intercept(CglibAopProxy.java:727)
	at com.banxia.service.impl.DeptServiceImpl$$SpringCGLIB$$0.add(<generated>)
	at com.banxia.controller.DeptController.add(DeptController.java:46)
	at java.base/jdk.internal.reflect.DirectMethodHandleAccessor.invoke(DirectMethodHandleAccessor.java:104)
	at java.base/java.lang.reflect.Method.invoke(Method.java:577)
	at org.springframework.web.method.support.InvocableHandlerMethod.doInvoke(InvocableHandlerMethod.java:258)
	at org.springframework.web.method.support.InvocableHandlerMethod.invokeForRequest(InvocableHandlerMethod.java:191)
	at org.springframework.web.servlet.mvc.method.annotation.ServletInvocableHandlerMethod.invokeAndHandle(ServletInvocableHandlerMethod.java:118)
	at org.springframework.web.servlet.mvc.method.annotation.RequestMappingHandlerAdapter.invokeHandlerMethod(RequestMappingHandlerAdapter.java:986)
	at org.springframework.web.servlet.mvc.method.annotation.RequestMappingHandlerAdapter.handleInternal(RequestMappingHandlerAdapter.java:891)
	at org.springframework.web.servlet.mvc.method.AbstractHandlerMethodAdapter.handle(AbstractHandlerMethodAdapter.java:87)
	at org.springframework.web.servlet.DispatcherServlet.doDispatch(DispatcherServlet.java:1089)
	at org.springframework.web.servlet.DispatcherServlet.doService(DispatcherServlet.java:979)
	at org.springframework.web.servlet.FrameworkServlet.processRequest(FrameworkServlet.java:1014)
	at org.springframework.web.servlet.FrameworkServlet.doPost(FrameworkServlet.java:914)
	at jakarta.servlet.http.HttpServlet.service(HttpServlet.java:590)
	at org.springframework.web.servlet.FrameworkServlet.service(FrameworkServlet.java:885)
	at jakarta.servlet.http.HttpServlet.service(HttpServlet.java:658)
	at org.apache.catalina.core.ApplicationFilterChain.internalDoFilter(ApplicationFilterChain.java:195)
	at org.apache.catalina.core.ApplicationFilterChain.doFilter(ApplicationFilterChain.java:140)
	at org.apache.tomcat.websocket.server.WsFilter.doFilter(WsFilter.java:51)
	at org.apache.catalina.core.ApplicationFilterChain.internalDoFilter(ApplicationFilterChain.java:164)
	at org.apache.catalina.core.ApplicationFilterChain.doFilter(ApplicationFilterChain.java:140)
	at org.springframework.web.filter.RequestContextFilter.doFilterInternal(RequestContextFilter.java:100)
	at org.springframework.web.filter.OncePerRequestFilter.doFilter(OncePerRequestFilter.java:116)
	at org.apache.catalina.core.ApplicationFilterChain.internalDoFilter(ApplicationFilterChain.java:164)
	at org.apache.catalina.core.ApplicationFilterChain.doFilter(ApplicationFilterChain.java:140)
	at org.springframework.web.filter.FormContentFilter.doFilterInternal(FormContentFilter.java:93)
	at org.springframework.web.filter.OncePerRequestFilter.doFilter(OncePerRequestFilter.java:116)
	at org.apache.catalina.core.ApplicationFilterChain.internalDoFilter(ApplicationFilterChain.java:164)
	at org.apache.catalina.core.ApplicationFilterChain.doFilter(ApplicationFilterChain.java:140)
	at org.springframework.web.filter.CharacterEncodingFilter.doFilterInternal(CharacterEncodingFilter.java:201)
	at org.springframework.web.filter.OncePerRequestFilter.doFilter(OncePerRequestFilter.java:116)
	at org.apache.catalina.core.ApplicationFilterChain.internalDoFilter(ApplicationFilterChain.java:164)
	at org.apache.catalina.core.ApplicationFilterChain.doFilter(ApplicationFilterChain.java:140)
	at org.apache.catalina.core.StandardWrapperValve.invoke(StandardWrapperValve.java:167)
	at org.apache.catalina.core.StandardContextValve.invoke(StandardContextValve.java:90)
	at org.apache.catalina.authenticator.AuthenticatorBase.invoke(AuthenticatorBase.java:483)
	at org.apache.catalina.core.StandardHostValve.invoke(StandardHostValve.java:115)
	at org.apache.catalina.valves.ErrorReportValve.invoke(ErrorReportValve.java:93)
	at org.apache.catalina.core.StandardEngineValve.invoke(StandardEngineValve.java:74)
	at org.apache.catalina.connector.CoyoteAdapter.service(CoyoteAdapter.java:344)
	at org.apache.coyote.http11.Http11Processor.service(Http11Processor.java:397)
	at org.apache.coyote.AbstractProcessorLight.process(AbstractProcessorLight.java:63)
	at org.apache.coyote.AbstractProtocol$ConnectionHandler.process(AbstractProtocol.java:905)
	at org.apache.tomcat.util.net.NioEndpoint$SocketProcessor.doRun(NioEndpoint.java:1743)
	at org.apache.tomcat.util.net.SocketProcessorBase.run(SocketProcessorBase.java:52)
	at org.apache.tomcat.util.threads.ThreadPoolExecutor.runWorker(ThreadPoolExecutor.java:1190)
	at org.apache.tomcat.util.threads.ThreadPoolExecutor$Worker.run(ThreadPoolExecutor.java:659)
	at org.apache.tomcat.util.threads.TaskThread$WrappingRunnable.run(TaskThread.java:63)
	at java.base/java.lang.Thread.run(Thread.java:833)
Caused by: java.sql.SQLIntegrityConstraintViolationException: Duplicate entry '啊啊啊' for key 'dept.name'
	at com.mysql.cj.jdbc.exceptions.SQLError.createSQLException(SQLError.java:109)
	at com.mysql.cj.jdbc.exceptions.SQLExceptionsMapping.translateException(SQLExceptionsMapping.java:114)
	at com.mysql.cj.jdbc.ClientPreparedStatement.executeInternal(ClientPreparedStatement.java:988)
	at com.mysql.cj.jdbc.ClientPreparedStatement.execute(ClientPreparedStatement.java:382)
	at com.zaxxer.hikari.pool.ProxyPreparedStatement.execute(ProxyPreparedStatement.java:44)
	at com.zaxxer.hikari.pool.HikariProxyPreparedStatement.execute(HikariProxyPreparedStatement.java)
	at java.base/jdk.internal.reflect.DirectMethodHandleAccessor.invoke(DirectMethodHandleAccessor.java:104)
	at java.base/java.lang.reflect.Method.invoke(Method.java:577)
	at org.apache.ibatis.logging.jdbc.PreparedStatementLogger.invoke(PreparedStatementLogger.java:58)
	at jdk.proxy3/jdk.proxy3.$Proxy94.execute(Unknown Source)
	at org.apache.ibatis.executor.statement.PreparedStatementHandler.update(PreparedStatementHandler.java:48)
	at org.apache.ibatis.executor.statement.RoutingStatementHandler.update(RoutingStatementHandler.java:75)
	at org.apache.ibatis.executor.SimpleExecutor.doUpdate(SimpleExecutor.java:50)
	at org.apache.ibatis.executor.BaseExecutor.update(BaseExecutor.java:117)
	at org.apache.ibatis.executor.CachingExecutor.update(CachingExecutor.java:76)
	at java.base/jdk.internal.reflect.DirectMethodHandleAccessor.invoke(DirectMethodHandleAccessor.java:104)
	at java.base/java.lang.reflect.Method.invoke(Method.java:577)
	at org.apache.ibatis.plugin.Plugin.invoke(Plugin.java:61)
	at jdk.proxy2/jdk.proxy2.$Proxy92.update(Unknown Source)
	at org.apache.ibatis.session.defaults.DefaultSqlSession.update(DefaultSqlSession.java:197)
	at org.apache.ibatis.session.defaults.DefaultSqlSession.insert(DefaultSqlSession.java:184)
	at java.base/jdk.internal.reflect.DirectMethodHandleAccessor.invoke(DirectMethodHandleAccessor.java:104)
	at java.base/java.lang.reflect.Method.invoke(Method.java:577)
	at org.mybatis.spring.SqlSessionTemplate$SqlSessionInterceptor.invoke(SqlSessionTemplate.java:333)
	... 73 common frames omitted
2025-06-23 20:41:10.229 [http-nio-8080-exec-3] INFO  com.banxia.aop.LogAspect-记录日志：OperateLog(id=null, operateEmpId=null, operateTime=2025-06-23T20:41:10.229610800, className=com.banxia.service.impl.DeptServiceImpl, methodName=add, methodParams=[{"id":null,"name":"啊啊啊","createTime":null,"updateTime":null}], returnValue=null, costTime=164)
2025-06-23 20:41:10.237 [http-nio-8080-exec-3] ERROR com.banxia.exception.GlobalExceptionHandler-重复的手机号：
org.springframework.dao.DuplicateKeyException: 
### Error updating database.  Cause: java.sql.SQLIntegrityConstraintViolationException: Duplicate entry '啊啊啊' for key 'dept.name'
### The error may exist in com/banxia/mapper/DeptMapper.xml
### The error may involve defaultParameterMap
### The error occurred while setting parameters
### SQL: insert into dept (name, create_time, update_time) values (?,?,?)
### Cause: java.sql.SQLIntegrityConstraintViolationException: Duplicate entry '啊啊啊' for key 'dept.name'
; Duplicate entry '啊啊啊' for key 'dept.name'
	at org.springframework.jdbc.support.SQLErrorCodeSQLExceptionTranslator.doTranslate(SQLErrorCodeSQLExceptionTranslator.java:254)
	at org.springframework.jdbc.support.AbstractFallbackSQLExceptionTranslator.translate(AbstractFallbackSQLExceptionTranslator.java:107)
	at org.mybatis.spring.MyBatisExceptionTranslator.translateExceptionIfPossible(MyBatisExceptionTranslator.java:93)
	at org.mybatis.spring.SqlSessionTemplate$SqlSessionInterceptor.invoke(SqlSessionTemplate.java:347)
	at jdk.proxy2/jdk.proxy2.$Proxy68.insert(Unknown Source)
	at org.mybatis.spring.SqlSessionTemplate.insert(SqlSessionTemplate.java:224)
	at org.apache.ibatis.binding.MapperMethod.execute(MapperMethod.java:62)
	at org.apache.ibatis.binding.MapperProxy$PlainMethodInvoker.invoke(MapperProxy.java:141)
	at org.apache.ibatis.binding.MapperProxy.invoke(MapperProxy.java:86)
	at jdk.proxy2/jdk.proxy2.$Proxy81.add(Unknown Source)
	at com.banxia.service.impl.DeptServiceImpl.add(DeptServiceImpl.java:38)
	at java.base/jdk.internal.reflect.DirectMethodHandleAccessor.invoke(DirectMethodHandleAccessor.java:104)
	at java.base/java.lang.reflect.Method.invoke(Method.java:577)
	at org.springframework.aop.support.AopUtils.invokeJoinpointUsingReflection(AopUtils.java:359)
	at org.springframework.aop.framework.ReflectiveMethodInvocation.invokeJoinpoint(ReflectiveMethodInvocation.java:196)
	at org.springframework.aop.framework.ReflectiveMethodInvocation.proceed(ReflectiveMethodInvocation.java:163)
	at org.springframework.aop.aspectj.MethodInvocationProceedingJoinPoint.proceed(MethodInvocationProceedingJoinPoint.java:89)
	at com.banxia.aop.LogAspect.around(LogAspect.java:88)
	at java.base/jdk.internal.reflect.DirectMethodHandleAccessor.invoke(DirectMethodHandleAccessor.java:104)
	at java.base/java.lang.reflect.Method.invoke(Method.java:577)
	at org.springframework.aop.aspectj.AbstractAspectJAdvice.invokeAdviceMethodWithGivenArgs(AbstractAspectJAdvice.java:642)
	at org.springframework.aop.aspectj.AbstractAspectJAdvice.invokeAdviceMethod(AbstractAspectJAdvice.java:632)
	at org.springframework.aop.aspectj.AspectJAroundAdvice.invoke(AspectJAroundAdvice.java:71)
	at org.springframework.aop.framework.ReflectiveMethodInvocation.proceed(ReflectiveMethodInvocation.java:173)
	at org.springframework.aop.interceptor.ExposeInvocationInterceptor.invoke(ExposeInvocationInterceptor.java:97)
	at org.springframework.aop.framework.ReflectiveMethodInvocation.proceed(ReflectiveMethodInvocation.java:184)
	at org.springframework.aop.framework.CglibAopProxy$DynamicAdvisedInterceptor.intercept(CglibAopProxy.java:727)
	at com.banxia.service.impl.DeptServiceImpl$$SpringCGLIB$$0.add(<generated>)
	at com.banxia.controller.DeptController.add(DeptController.java:46)
	at java.base/jdk.internal.reflect.DirectMethodHandleAccessor.invoke(DirectMethodHandleAccessor.java:104)
	at java.base/java.lang.reflect.Method.invoke(Method.java:577)
	at org.springframework.web.method.support.InvocableHandlerMethod.doInvoke(InvocableHandlerMethod.java:258)
	at org.springframework.web.method.support.InvocableHandlerMethod.invokeForRequest(InvocableHandlerMethod.java:191)
	at org.springframework.web.servlet.mvc.method.annotation.ServletInvocableHandlerMethod.invokeAndHandle(ServletInvocableHandlerMethod.java:118)
	at org.springframework.web.servlet.mvc.method.annotation.RequestMappingHandlerAdapter.invokeHandlerMethod(RequestMappingHandlerAdapter.java:986)
	at org.springframework.web.servlet.mvc.method.annotation.RequestMappingHandlerAdapter.handleInternal(RequestMappingHandlerAdapter.java:891)
	at org.springframework.web.servlet.mvc.method.AbstractHandlerMethodAdapter.handle(AbstractHandlerMethodAdapter.java:87)
	at org.springframework.web.servlet.DispatcherServlet.doDispatch(DispatcherServlet.java:1089)
	at org.springframework.web.servlet.DispatcherServlet.doService(DispatcherServlet.java:979)
	at org.springframework.web.servlet.FrameworkServlet.processRequest(FrameworkServlet.java:1014)
	at org.springframework.web.servlet.FrameworkServlet.doPost(FrameworkServlet.java:914)
	at jakarta.servlet.http.HttpServlet.service(HttpServlet.java:590)
	at org.springframework.web.servlet.FrameworkServlet.service(FrameworkServlet.java:885)
	at jakarta.servlet.http.HttpServlet.service(HttpServlet.java:658)
	at org.apache.catalina.core.ApplicationFilterChain.internalDoFilter(ApplicationFilterChain.java:195)
	at org.apache.catalina.core.ApplicationFilterChain.doFilter(ApplicationFilterChain.java:140)
	at org.apache.tomcat.websocket.server.WsFilter.doFilter(WsFilter.java:51)
	at org.apache.catalina.core.ApplicationFilterChain.internalDoFilter(ApplicationFilterChain.java:164)
	at org.apache.catalina.core.ApplicationFilterChain.doFilter(ApplicationFilterChain.java:140)
	at org.springframework.web.filter.RequestContextFilter.doFilterInternal(RequestContextFilter.java:100)
	at org.springframework.web.filter.OncePerRequestFilter.doFilter(OncePerRequestFilter.java:116)
	at org.apache.catalina.core.ApplicationFilterChain.internalDoFilter(ApplicationFilterChain.java:164)
	at org.apache.catalina.core.ApplicationFilterChain.doFilter(ApplicationFilterChain.java:140)
	at org.springframework.web.filter.FormContentFilter.doFilterInternal(FormContentFilter.java:93)
	at org.springframework.web.filter.OncePerRequestFilter.doFilter(OncePerRequestFilter.java:116)
	at org.apache.catalina.core.ApplicationFilterChain.internalDoFilter(ApplicationFilterChain.java:164)
	at org.apache.catalina.core.ApplicationFilterChain.doFilter(ApplicationFilterChain.java:140)
	at org.springframework.web.filter.CharacterEncodingFilter.doFilterInternal(CharacterEncodingFilter.java:201)
	at org.springframework.web.filter.OncePerRequestFilter.doFilter(OncePerRequestFilter.java:116)
	at org.apache.catalina.core.ApplicationFilterChain.internalDoFilter(ApplicationFilterChain.java:164)
	at org.apache.catalina.core.ApplicationFilterChain.doFilter(ApplicationFilterChain.java:140)
	at org.apache.catalina.core.StandardWrapperValve.invoke(StandardWrapperValve.java:167)
	at org.apache.catalina.core.StandardContextValve.invoke(StandardContextValve.java:90)
	at org.apache.catalina.authenticator.AuthenticatorBase.invoke(AuthenticatorBase.java:483)
	at org.apache.catalina.core.StandardHostValve.invoke(StandardHostValve.java:115)
	at org.apache.catalina.valves.ErrorReportValve.invoke(ErrorReportValve.java:93)
	at org.apache.catalina.core.StandardEngineValve.invoke(StandardEngineValve.java:74)
	at org.apache.catalina.connector.CoyoteAdapter.service(CoyoteAdapter.java:344)
	at org.apache.coyote.http11.Http11Processor.service(Http11Processor.java:397)
	at org.apache.coyote.AbstractProcessorLight.process(AbstractProcessorLight.java:63)
	at org.apache.coyote.AbstractProtocol$ConnectionHandler.process(AbstractProtocol.java:905)
	at org.apache.tomcat.util.net.NioEndpoint$SocketProcessor.doRun(NioEndpoint.java:1743)
	at org.apache.tomcat.util.net.SocketProcessorBase.run(SocketProcessorBase.java:52)
	at org.apache.tomcat.util.threads.ThreadPoolExecutor.runWorker(ThreadPoolExecutor.java:1190)
	at org.apache.tomcat.util.threads.ThreadPoolExecutor$Worker.run(ThreadPoolExecutor.java:659)
	at org.apache.tomcat.util.threads.TaskThread$WrappingRunnable.run(TaskThread.java:63)
	at java.base/java.lang.Thread.run(Thread.java:833)
Caused by: java.sql.SQLIntegrityConstraintViolationException: Duplicate entry '啊啊啊' for key 'dept.name'
	at com.mysql.cj.jdbc.exceptions.SQLError.createSQLException(SQLError.java:109)
	at com.mysql.cj.jdbc.exceptions.SQLExceptionsMapping.translateException(SQLExceptionsMapping.java:114)
	at com.mysql.cj.jdbc.ClientPreparedStatement.executeInternal(ClientPreparedStatement.java:988)
	at com.mysql.cj.jdbc.ClientPreparedStatement.execute(ClientPreparedStatement.java:382)
	at com.zaxxer.hikari.pool.ProxyPreparedStatement.execute(ProxyPreparedStatement.java:44)
	at com.zaxxer.hikari.pool.HikariProxyPreparedStatement.execute(HikariProxyPreparedStatement.java)
	at java.base/jdk.internal.reflect.DirectMethodHandleAccessor.invoke(DirectMethodHandleAccessor.java:104)
	at java.base/java.lang.reflect.Method.invoke(Method.java:577)
	at org.apache.ibatis.logging.jdbc.PreparedStatementLogger.invoke(PreparedStatementLogger.java:58)
	at jdk.proxy3/jdk.proxy3.$Proxy94.execute(Unknown Source)
	at org.apache.ibatis.executor.statement.PreparedStatementHandler.update(PreparedStatementHandler.java:48)
	at org.apache.ibatis.executor.statement.RoutingStatementHandler.update(RoutingStatementHandler.java:75)
	at org.apache.ibatis.executor.SimpleExecutor.doUpdate(SimpleExecutor.java:50)
	at org.apache.ibatis.executor.BaseExecutor.update(BaseExecutor.java:117)
	at org.apache.ibatis.executor.CachingExecutor.update(CachingExecutor.java:76)
	at java.base/jdk.internal.reflect.DirectMethodHandleAccessor.invoke(DirectMethodHandleAccessor.java:104)
	at java.base/java.lang.reflect.Method.invoke(Method.java:577)
	at org.apache.ibatis.plugin.Plugin.invoke(Plugin.java:61)
	at jdk.proxy2/jdk.proxy2.$Proxy92.update(Unknown Source)
	at org.apache.ibatis.session.defaults.DefaultSqlSession.update(DefaultSqlSession.java:197)
	at org.apache.ibatis.session.defaults.DefaultSqlSession.insert(DefaultSqlSession.java:184)
	at java.base/jdk.internal.reflect.DirectMethodHandleAccessor.invoke(DirectMethodHandleAccessor.java:104)
	at java.base/java.lang.reflect.Method.invoke(Method.java:577)
	at org.mybatis.spring.SqlSessionTemplate$SqlSessionInterceptor.invoke(SqlSessionTemplate.java:333)
	... 73 common frames omitted
2025-06-23 20:41:14.406 [http-nio-8080-exec-4] INFO  com.banxia.controller.DeptController-新增部门：Dept(id=null, name=啊啊啊啊, createTime=null, updateTime=null)
2025-06-23 20:41:14.422 [http-nio-8080-exec-4] INFO  com.banxia.aop.LogAspect-记录日志：OperateLog(id=null, operateEmpId=null, operateTime=2025-06-23T20:41:14.422569100, className=com.banxia.service.impl.DeptServiceImpl, methodName=add, methodParams=[{"id":null,"name":"啊啊啊啊","createTime":null,"updateTime":null}], returnValue=null, costTime=16)
2025-06-23 20:41:14.435 [http-nio-8080-exec-5] INFO  com.banxia.controller.DeptController-查询全部的部门数据
2025-06-23 20:41:28.803 [http-nio-8080-exec-6] INFO  com.banxia.controller.DeptController-根据id查询部门数据：29
2025-06-23 21:01:50.479 [http-nio-8080-exec-7] INFO  com.banxia.controller.DeptController-查询全部的部门数据
2025-06-23 21:06:57.135 [http-nio-8080-exec-9] INFO  com.banxia.controller.DeptController-查询全部的部门数据
2025-06-23 21:12:05.379 [http-nio-8080-exec-8] INFO  com.banxia.controller.DeptController-查询全部的部门数据
2025-06-23 21:13:27.055 [http-nio-8080-exec-10] INFO  com.banxia.controller.DeptController-查询全部的部门数据
2025-06-23 21:13:56.179 [http-nio-8080-exec-1] INFO  com.banxia.controller.DeptController-查询全部的部门数据
2025-06-23 21:17:29.425 [http-nio-8080-exec-2] INFO  com.banxia.controller.DeptController-查询全部的部门数据
2025-06-23 21:20:57.078 [http-nio-8080-exec-3] INFO  com.banxia.controller.DeptController-查询全部的部门数据
2025-06-23 21:21:19.750 [http-nio-8080-exec-4] INFO  com.banxia.controller.DeptController-根据id查询部门数据：29
2025-06-23 21:21:19.767 [http-nio-8080-exec-5] INFO  com.banxia.controller.DeptController-根据id修改部门数据：Dept(id=null, name=啊啊啊啊, createTime=null, updateTime=null)
2025-06-23 21:21:19.776 [http-nio-8080-exec-5] INFO  com.banxia.aop.LogAspect-记录日志：OperateLog(id=null, operateEmpId=null, operateTime=2025-06-23T21:21:19.776694600, className=com.banxia.service.impl.DeptServiceImpl, methodName=updateById, methodParams=[{"id":null,"name":"啊啊啊啊","createTime":null,"updateTime":null}], returnValue=null, costTime=7)
2025-06-23 21:21:19.793 [http-nio-8080-exec-6] INFO  com.banxia.controller.DeptController-查询全部的部门数据
2025-06-23 21:21:23.027 [http-nio-8080-exec-7] INFO  com.banxia.controller.DeptController-根据id查询部门数据：27
2025-06-23 21:21:23.042 [http-nio-8080-exec-9] INFO  com.banxia.controller.DeptController-根据id修改部门数据：Dept(id=null, name=啊啊啊, createTime=null, updateTime=null)
2025-06-23 21:21:23.043 [http-nio-8080-exec-9] INFO  com.banxia.aop.LogAspect-记录日志：OperateLog(id=null, operateEmpId=null, operateTime=2025-06-23T21:21:23.043039600, className=com.banxia.service.impl.DeptServiceImpl, methodName=updateById, methodParams=[{"id":null,"name":"啊啊啊","createTime":null,"updateTime":null}], returnValue=null, costTime=1)
2025-06-23 21:21:23.063 [http-nio-8080-exec-8] INFO  com.banxia.controller.DeptController-查询全部的部门数据
2025-06-23 21:21:29.286 [http-nio-8080-exec-10] INFO  com.banxia.controller.DeptController-根据id查询部门数据：29
2025-06-23 21:21:29.298 [http-nio-8080-exec-1] INFO  com.banxia.controller.DeptController-根据id修改部门数据：Dept(id=null, name=啊啊啊啊, createTime=null, updateTime=null)
2025-06-23 21:21:29.299 [http-nio-8080-exec-1] INFO  com.banxia.aop.LogAspect-记录日志：OperateLog(id=null, operateEmpId=null, operateTime=2025-06-23T21:21:29.299755800, className=com.banxia.service.impl.DeptServiceImpl, methodName=updateById, methodParams=[{"id":null,"name":"啊啊啊啊","createTime":null,"updateTime":null}], returnValue=null, costTime=1)
2025-06-23 21:21:29.319 [http-nio-8080-exec-2] INFO  com.banxia.controller.DeptController-查询全部的部门数据
2025-06-23 21:21:30.560 [http-nio-8080-exec-3] INFO  com.banxia.controller.DeptController-根据id查询部门数据：29
2025-06-23 21:21:30.572 [http-nio-8080-exec-4] INFO  com.banxia.controller.DeptController-根据id修改部门数据：Dept(id=null, name=啊啊啊啊, createTime=null, updateTime=null)
2025-06-23 21:21:30.574 [http-nio-8080-exec-4] INFO  com.banxia.aop.LogAspect-记录日志：OperateLog(id=null, operateEmpId=null, operateTime=2025-06-23T21:21:30.574436100, className=com.banxia.service.impl.DeptServiceImpl, methodName=updateById, methodParams=[{"id":null,"name":"啊啊啊啊","createTime":null,"updateTime":null}], returnValue=null, costTime=2)
2025-06-23 21:21:30.594 [http-nio-8080-exec-5] INFO  com.banxia.controller.DeptController-查询全部的部门数据
2025-06-23 21:21:31.044 [http-nio-8080-exec-6] INFO  com.banxia.controller.DeptController-根据id查询部门数据：29
2025-06-23 21:21:31.058 [http-nio-8080-exec-7] INFO  com.banxia.controller.DeptController-根据id修改部门数据：Dept(id=null, name=啊啊啊啊, createTime=null, updateTime=null)
2025-06-23 21:21:31.062 [http-nio-8080-exec-7] INFO  com.banxia.aop.LogAspect-记录日志：OperateLog(id=null, operateEmpId=null, operateTime=2025-06-23T21:21:31.062032900, className=com.banxia.service.impl.DeptServiceImpl, methodName=updateById, methodParams=[{"id":null,"name":"啊啊啊啊","createTime":null,"updateTime":null}], returnValue=null, costTime=4)
2025-06-23 21:21:31.083 [http-nio-8080-exec-9] INFO  com.banxia.controller.DeptController-查询全部的部门数据
2025-06-23 21:21:37.519 [http-nio-8080-exec-8] INFO  com.banxia.controller.DeptController-根据id查询部门数据：29
2025-06-23 21:21:37.535 [http-nio-8080-exec-10] INFO  com.banxia.controller.DeptController-根据id修改部门数据：Dept(id=null, name=啊啊啊啊, createTime=null, updateTime=null)
2025-06-23 21:21:37.536 [http-nio-8080-exec-10] INFO  com.banxia.aop.LogAspect-记录日志：OperateLog(id=null, operateEmpId=null, operateTime=2025-06-23T21:21:37.536297900, className=com.banxia.service.impl.DeptServiceImpl, methodName=updateById, methodParams=[{"id":null,"name":"啊啊啊啊","createTime":null,"updateTime":null}], returnValue=null, costTime=1)
2025-06-23 21:21:37.556 [http-nio-8080-exec-1] INFO  com.banxia.controller.DeptController-查询全部的部门数据
2025-06-23 21:21:39.650 [http-nio-8080-exec-2] INFO  com.banxia.controller.DeptController-查询全部的部门数据
2025-06-23 21:21:42.478 [http-nio-8080-exec-3] INFO  com.banxia.controller.DeptController-根据id查询部门数据：29
2025-06-23 21:23:38.364 [http-nio-8080-exec-4] INFO  com.banxia.controller.DeptController-新增部门：Dept(id=null, name=87787897, createTime=null, updateTime=null)
2025-06-23 21:23:38.371 [http-nio-8080-exec-4] INFO  com.banxia.aop.LogAspect-记录日志：OperateLog(id=null, operateEmpId=null, operateTime=2025-06-23T21:23:38.370897400, className=com.banxia.service.impl.DeptServiceImpl, methodName=add, methodParams=[{"id":null,"name":"87787897","createTime":null,"updateTime":null}], returnValue=null, costTime=6)
2025-06-23 21:23:38.397 [http-nio-8080-exec-5] INFO  com.banxia.controller.DeptController-查询全部的部门数据
2025-06-23 21:24:24.470 [http-nio-8080-exec-6] INFO  com.banxia.controller.DeptController-查询全部的部门数据
2025-06-23 21:26:34.295 [http-nio-8080-exec-7] INFO  com.banxia.controller.DeptController-查询全部的部门数据
2025-06-23 21:34:40.528 [http-nio-8080-exec-9] INFO  com.banxia.controller.DeptController-查询全部的部门数据
2025-06-23 21:34:50.688 [http-nio-8080-exec-8] INFO  com.banxia.controller.DeptController-查询全部的部门数据
2025-06-23 21:35:00.101 [http-nio-8080-exec-10] INFO  com.banxia.controller.DeptController-查询全部的部门数据
2025-06-23 21:35:02.333 [http-nio-8080-exec-1] INFO  com.banxia.controller.DeptController-查询全部的部门数据
2025-06-23 21:35:04.675 [http-nio-8080-exec-2] INFO  com.banxia.controller.DeptController-查询全部的部门数据
2025-06-23 21:35:27.725 [http-nio-8080-exec-3] INFO  com.banxia.controller.DeptController-查询全部的部门数据
2025-06-23 21:36:11.187 [http-nio-8080-exec-4] INFO  com.banxia.controller.DeptController-查询全部的部门数据
2025-06-23 21:38:10.713 [http-nio-8080-exec-5] INFO  com.banxia.controller.DeptController-查询全部的部门数据
2025-06-23 21:40:38.802 [http-nio-8080-exec-6] INFO  com.banxia.controller.DeptController-查询全部的部门数据
2025-06-23 21:40:45.038 [http-nio-8080-exec-7] INFO  com.banxia.controller.DeptController-新增部门：Dept(id=null, name=草拟吗, createTime=null, updateTime=null)
2025-06-23 21:40:45.045 [http-nio-8080-exec-7] INFO  com.banxia.aop.LogAspect-记录日志：OperateLog(id=null, operateEmpId=null, operateTime=2025-06-23T21:40:45.045431500, className=com.banxia.service.impl.DeptServiceImpl, methodName=add, methodParams=[{"id":null,"name":"草拟吗","createTime":null,"updateTime":null}], returnValue=null, costTime=6)
2025-06-23 21:40:45.061 [http-nio-8080-exec-9] INFO  com.banxia.controller.DeptController-查询全部的部门数据
2025-06-23 21:41:12.486 [http-nio-8080-exec-8] INFO  com.banxia.controller.DeptController-查询全部的部门数据
2025-06-23 21:41:15.188 [http-nio-8080-exec-10] INFO  com.banxia.controller.DeptController-根据id查询部门数据：31
2025-06-23 21:41:20.226 [http-nio-8080-exec-1] INFO  com.banxia.controller.DeptController-根据id修改部门数据：Dept(id=null, name=草拟吗比, createTime=null, updateTime=null)
2025-06-23 21:41:20.228 [http-nio-8080-exec-1] INFO  com.banxia.aop.LogAspect-记录日志：OperateLog(id=null, operateEmpId=null, operateTime=2025-06-23T21:41:20.228155900, className=com.banxia.service.impl.DeptServiceImpl, methodName=updateById, methodParams=[{"id":null,"name":"草拟吗比","createTime":null,"updateTime":null}], returnValue=null, costTime=2)
2025-06-23 21:41:20.244 [http-nio-8080-exec-2] INFO  com.banxia.controller.DeptController-查询全部的部门数据
2025-06-23 21:43:46.963 [http-nio-8080-exec-3] INFO  com.banxia.controller.DeptController-查询全部的部门数据
2025-06-23 21:43:57.878 [http-nio-8080-exec-4] INFO  com.banxia.controller.DeptController-新增部门：Dept(id=null, name=最后一次新增, createTime=null, updateTime=null)
2025-06-23 21:43:57.883 [http-nio-8080-exec-4] INFO  com.banxia.aop.LogAspect-记录日志：OperateLog(id=null, operateEmpId=null, operateTime=2025-06-23T21:43:57.883047, className=com.banxia.service.impl.DeptServiceImpl, methodName=add, methodParams=[{"id":null,"name":"最后一次新增","createTime":null,"updateTime":null}], returnValue=null, costTime=5)
2025-06-23 21:43:57.893 [http-nio-8080-exec-5] INFO  com.banxia.controller.DeptController-查询全部的部门数据
2025-06-23 21:44:32.215 [http-nio-8080-exec-6] INFO  com.banxia.controller.DeptController-查询全部的部门数据
2025-06-23 21:44:35.700 [http-nio-8080-exec-7] INFO  com.banxia.controller.DeptController-根据id查询部门数据：32
2025-06-23 21:44:53.076 [http-nio-8080-exec-9] INFO  com.banxia.controller.DeptController-查询全部的部门数据
2025-06-23 21:44:56.766 [http-nio-8080-exec-8] INFO  com.banxia.controller.DeptController-根据id查询部门数据：32
2025-06-23 21:44:59.899 [http-nio-8080-exec-10] INFO  com.banxia.controller.DeptController-根据id修改部门数据：Dept(id=32, name=最后一, createTime=null, updateTime=null)
2025-06-23 21:44:59.910 [http-nio-8080-exec-10] INFO  com.banxia.aop.LogAspect-记录日志：OperateLog(id=null, operateEmpId=null, operateTime=2025-06-23T21:44:59.910809900, className=com.banxia.service.impl.DeptServiceImpl, methodName=updateById, methodParams=[{"id":32,"name":"最后一","createTime":null,"updateTime":null}], returnValue=null, costTime=11)
2025-06-23 21:44:59.919 [http-nio-8080-exec-1] INFO  com.banxia.controller.DeptController-查询全部的部门数据
2025-06-23 21:47:35.611 [http-nio-8080-exec-2] INFO  com.banxia.controller.DeptController-查询全部的部门数据
